
Showing logs for build [32momnidapps-environment-jxrocks-p-gcs9b-1[0m stage [32mfrom-build-pack[0m and container [32mstep-credential-initializer-4gk47[0m
{"level":"warn","ts":1583455253.0656645,"logger":"fallback-logger","caller":"logging/config.go:69","msg":"Fetch GitHub commit ID from kodata failed: \"ref: refs/heads/0.8.0-**-support-backwards-incompats\" is not a valid GitHub commit ID"}
{"level":"info","ts":1583455253.0663967,"logger":"fallback-logger","caller":"creds-init/main.go:40","msg":"Credentials initialized."}

Showing logs for build [32momnidapps-environment-jxrocks-p-gcs9b-1[0m stage [32mfrom-build-pack[0m and container [32mstep-working-dir-initializer-m6fqj[0m
{"level":"warn","ts":1583455253.6774826,"logger":"fallback-logger","caller":"logging/config.go:69","msg":"Fetch GitHub commit ID from kodata failed: open /var/run/ko/HEAD: no such file or directory"}
{"level":"info","ts":1583455253.679237,"logger":"fallback-logger","caller":"bash/main.go:64","msg":"Successfully executed command \"sh -c mkdir -p /workspace/source\"; output "}

Showing logs for build [32momnidapps-environment-jxrocks-p-gcs9b-1[0m stage [32mfrom-build-pack[0m and container [32mstep-place-tools[0m

Showing logs for build [32momnidapps-environment-jxrocks-p-gcs9b-1[0m stage [32mfrom-build-pack[0m and container [32mstep-git-source-omnidapps-environment-jxrocks-p-gcs9b-dphnw[0m
{"level":"warn","ts":1583455259.7995653,"logger":"fallback-logger","caller":"logging/config.go:69","msg":"Fetch GitHub commit ID from kodata failed: \"ref: refs/heads/0.8.0-**-support-backwards-incompats\" is not a valid GitHub commit ID"}
{"level":"info","ts":1583455260.052963,"logger":"fallback-logger","caller":"git/git.go:103","msg":"Successfully cloned https://github.com/OmnidApps/environment-**rocks-production.git @ v0.0.1 in path /workspace/source"}

Showing logs for build [32momnidapps-environment-jxrocks-p-gcs9b-1[0m stage [32mfrom-build-pack[0m and container [32mstep-git-merge[0m
Using SHAs from PULL_REFS=master:2ebdcf0f4a36c16e2eda3a26a09b2a44d69d628d
WARNING: no SHAs to merge, falling back to initial cloned commit

Showing logs for build [32momnidapps-environment-jxrocks-p-gcs9b-1[0m stage [32mfrom-build-pack[0m and container [32mstep-setup-jx-git-credentials[0m
Generated Git credentials file /builder/home/git/credentials

Showing logs for build [32momnidapps-environment-jxrocks-p-gcs9b-1[0m stage [32mfrom-build-pack[0m and container [32mstep-build-helm-apply[0m
Modified file /workspace/source/env/Chart.yaml to set the chart to version 1
Ignoring templates/.gitignore
Ignoring templates/wildcardcert-secret.yaml
WARNING: No $CHART_REPOSITORY defined so using the default value of: http://jenkins-x-chartmuseum:8080
Adding missing Helm repo: storage.googleapis.com https://storage.googleapis.com/chartmuseum.jenkins-x.io
Successfully added Helm repository storage.googleapis.com.
Adding missing Helm repo: jenkins-x-chartmuseum http://jenkins-x-chartmuseum:8080
Successfully added Helm repository jenkins-x-chartmuseum.
WARNING: No $CHART_REPOSITORY defined so using the default value of: http://jenkins-x-chartmuseum:8080
Adding missing Helm repo: chartmuseum.jenkins-x.io http://chartmuseum.jenkins-x.io
Successfully added Helm repository chartmuseum.jenkins-x.io.

