
Showing logs for build [32momnidapps-environment-jxrocks-p-54vm5-1[0m stage [32mfrom-build-pack[0m and container [32mstep-credential-initializer-s25jl[0m
{"level":"warn","ts":1583455176.9440753,"logger":"fallback-logger","caller":"logging/config.go:69","msg":"Fetch GitHub commit ID from kodata failed: \"ref: refs/heads/0.8.0-**-support-backwards-incompats\" is not a valid GitHub commit ID"}
{"level":"info","ts":1583455176.9446115,"logger":"fallback-logger","caller":"creds-init/main.go:40","msg":"Credentials initialized."}

Showing logs for build [32momnidapps-environment-jxrocks-p-54vm5-1[0m stage [32mfrom-build-pack[0m and container [32mstep-working-dir-initializer-cjv9v[0m
{"level":"warn","ts":1583455177.8701396,"logger":"fallback-logger","caller":"logging/config.go:69","msg":"Fetch GitHub commit ID from kodata failed: open /var/run/ko/HEAD: no such file or directory"}
{"level":"info","ts":1583455177.8717916,"logger":"fallback-logger","caller":"bash/main.go:64","msg":"Successfully executed command \"sh -c mkdir -p /workspace/source\"; output "}

Showing logs for build [32momnidapps-environment-jxrocks-p-54vm5-1[0m stage [32mfrom-build-pack[0m and container [32mstep-place-tools[0m

Showing logs for build [32momnidapps-environment-jxrocks-p-54vm5-1[0m stage [32mfrom-build-pack[0m and container [32mstep-git-source-omnidapps-environment-jxrocks-p-54vm5-cvlqc[0m
{"level":"warn","ts":1583455182.0276995,"logger":"fallback-logger","caller":"logging/config.go:69","msg":"Fetch GitHub commit ID from kodata failed: \"ref: refs/heads/0.8.0-**-support-backwards-incompats\" is not a valid GitHub commit ID"}
{"level":"info","ts":1583455182.3045921,"logger":"fallback-logger","caller":"git/git.go:103","msg":"Successfully cloned https://github.com/OmnidApps/environment-**rocks-production.git @ master in path /workspace/source"}

Showing logs for build [32momnidapps-environment-jxrocks-p-54vm5-1[0m stage [32mfrom-build-pack[0m and container [32mstep-git-merge[0m
Using SHAs from PULL_REFS=master:53ac6be76b749d76678509f24243627d2ea26209,1:077e1b392c022d1d465e220fc9f6c63a1cd27802
DEBUG: LC_ALL=C JX_LOG_LEVEL=error git fetch origin --unshallow 077e1b392c022d1d465e220fc9f6c63a1cd27802: 53ac6be76b749d76678509f24243627d2ea26209:
DEBUG: ran git fetch --unshallow origin 077e1b392c022d1d465e220fc9f6c63a1cd27802: 53ac6be76b749d76678509f24243627d2ea26209: in 
DEBUG: LC_ALL=C JX_LOG_LEVEL=error git branch
DEBUG: LC_ALL=C JX_LOG_LEVEL=error git checkout master
DEBUG: ran git checkout master in 
DEBUG: LC_ALL=C JX_LOG_LEVEL=error git reset --hard 53ac6be76b749d76678509f24243627d2ea26209
DEBUG: ran git reset --hard 53ac6be76b749d76678509f24243627d2ea26209 in 
DEBUG: LC_ALL=C JX_LOG_LEVEL=error git clean -fd .
DEBUG: ran clean --force -d . in 
DEBUG: LC_ALL=C JX_LOG_LEVEL=error git merge 077e1b392c022d1d465e220fc9f6c63a1cd27802
DEBUG: ran git merge 077e1b392c022d1d465e220fc9f6c63a1cd27802 in 
DEBUG: LC_ALL=C JX_LOG_LEVEL=error git log --format=%H%x1f%an%x1f%ae%x1f%cn%x1f%ce%x1f%s%n%b%x1e 53ac6be76b749d76678509f24243627d2ea26209..HEAD
Merged SHA 077e1b392c022d1d465e220fc9f6c63a1cd27802 with commit message 'chore: Promote skiapp to version 0.0.43' into base branch master

Showing logs for build [32momnidapps-environment-jxrocks-p-54vm5-1[0m stage [32mfrom-build-pack[0m and container [32mstep-build-helm-build[0m
WARNING: No $CHART_REPOSITORY defined so using the default value of: http://jenkins-x-chartmuseum:8080
Adding missing Helm repo: storage.googleapis.com https://storage.googleapis.com/chartmuseum.jenkins-x.io
Successfully added Helm repository storage.googleapis.com.
Adding missing Helm repo: jenkins-x-chartmuseum http://jenkins-x-chartmuseum:8080
Successfully added Helm repository jenkins-x-chartmuseum.
WARNING: No $CHART_REPOSITORY defined so using the default value of: http://jenkins-x-chartmuseum:8080
Adding missing Helm repo: chartmuseum.jenkins-x.io http://chartmuseum.jenkins-x.io
Successfully added Helm repository chartmuseum.jenkins-x.io.
